SmartRedis Library@10-22-38:ERROR: Exception at "/home/andres/code/smartsim/C_test/SmartRedis/src/cpp/rediscluster.cpp", line 1050: Redis error when executing command: ERR unknown command `AI.TENSORSET`, with args beginning with: `parameters_out`, `DOUBLE`, `1`, `BLOB`, ``, 
SmartRedis Library@10-22-43:ERROR: Exception at "/project/src/cpp/rediscluster.cpp", line 1050: Redis error when executing command: ERR unknown command `AI.TENSORGET`, with args beginning with: `parameters_out`, `META`, `BLOB`, 
SmartRedis Library@10-40-15:ERROR: Exception at "/home/andres/code/smartsim/C_test/SmartRedis/src/cpp/rediscluster.cpp", line 1050: Redis error when executing command: ERR unknown command `AI.TENSORSET`, with args beginning with: `parameters_out`, `DOUBLE`, `1`, `BLOB`, ``, 
SmartRedis Library@10-40-19:ERROR: Exception at "/project/src/cpp/rediscluster.cpp", line 1050: Redis error when executing command: ERR unknown command `AI.TENSORGET`, with args beginning with: `parameters_out`, `META`, `BLOB`, 
SmartRedis Library@10-47-35:ERROR: Exception at "/home/andres/code/smartsim/C_test/SmartRedis/src/cpp/rediscluster.cpp", line 1050: Redis error when executing command: ERR unknown command `AI.TENSORSET`, with args beginning with: `parameters_out`, `DOUBLE`, `1`, `BLOB`, ``, 
SmartRedis Library@10-47-39:ERROR: Exception at "/project/src/cpp/rediscluster.cpp", line 1050: Redis error when executing command: ERR unknown command `AI.TENSORGET`, with args beginning with: `parameters_out`, `META`, `BLOB`, 
SmartRedis Library@10-47-57:ERROR: Exception at "/home/andres/code/smartsim/C_test/SmartRedis/src/cpp/rediscluster.cpp", line 1050: Redis error when executing command: ERR unknown command `AI.TENSORSET`, with args beginning with: `parameters_out`, `DOUBLE`, `1`, `BLOB`, ``, 
SmartRedis Library@10-48-51:ERROR: Exception at "/home/andres/code/smartsim/C_test/SmartRedis/src/cpp/rediscluster.cpp", line 1050: Redis error when executing command: ERR unknown command `AI.TENSORSET`, with args beginning with: `parameters_out`, `DOUBLE`, `1`, `BLOB`, ``, 
SmartRedis Library@10-48-51:ERROR: Exception at "/home/andres/code/smartsim/C_test/SmartRedis/src/cpp/rediscluster.cpp", line 1050: Redis error when executing command: ERR unknown command `AI.TENSORGET`, with args beginning with: `parameters_out`, `META`, `BLOB`, 
SmartRedis Library@10-51-16:ERROR: Exception at "/home/andres/code/smartsim/C_test/SmartRedis/src/cpp/rediscluster.cpp", line 1050: Redis error when executing command: ERR unknown command `AI.TENSORSET`, with args beginning with: `parameters_out`, `DOUBLE`, `3`, `BLOB`, ``, 
SmartRedis Library@10-51-16:ERROR: Exception at "/home/andres/code/smartsim/C_test/SmartRedis/src/cpp/rediscluster.cpp", line 1050: Redis error when executing command: ERR unknown command `AI.TENSORGET`, with args beginning with: `parameters_out`, `META`, `BLOB`, 
SmartRedis Library@10-51-41:ERROR: Exception at "/home/andres/code/smartsim/C_test/SmartRedis/src/cpp/rediscluster.cpp", line 1050: Redis error when executing command: ERR unknown command `AI.TENSORSET`, with args beginning with: `parameters_out`, `DOUBLE`, `3`, `BLOB`, ``, 
SmartRedis Library@10-53-36:ERROR: Exception at "/home/andres/code/smartsim/C_test/SmartRedis/src/cpp/rediscluster.cpp", line 1050: Redis error when executing command: ERR unknown command `AI.TENSORSET`, with args beginning with: `parameters_out`, `DOUBLE`, `3`, `BLOB`, ``, 
SmartRedis Library@10-53-39:ERROR: Exception at "/home/andres/code/smartsim/C_test/SmartRedis/src/cpp/rediscluster.cpp", line 1050: Redis error when executing command: ERR unknown command `AI.TENSORSET`, with args beginning with: `parameters_out`, `DOUBLE`, `3`, `BLOB`, ``, 
SmartRedis Library@10-53-39:ERROR: Exception at "/home/andres/code/smartsim/C_test/SmartRedis/src/cpp/rediscluster.cpp", line 1050: Redis error when executing command: ERR unknown command `AI.TENSORGET`, with args beginning with: `parameters_out`, `META`, `BLOB`, 
SmartRedis Library@10-55-44:ERROR: Exception at "/home/andres/code/smartsim/C_test/SmartRedis/src/cpp/rediscluster.cpp", line 1050: Redis error when executing command: ERR unknown command `AI.TENSORSET`, with args beginning with: `parameters_out`, `DOUBLE`, `3`, `BLOB`, ``, 
SmartRedis Library@10-55-44:ERROR: Exception at "/home/andres/code/smartsim/C_test/SmartRedis/src/cpp/rediscluster.cpp", line 1050: Redis error when executing command: ERR unknown command `AI.TENSORGET`, with args beginning with: `parameters_out`, `META`, `BLOB`, 
SmartRedis Library@11-01-52:ERROR: Exception at "/home/andres/code/smartsim/C_test/SmartRedis/src/cpp/rediscluster.cpp", line 1050: Redis error when executing command: ERR unknown command `AI.TENSORSET`, with args beginning with: `parameters_out`, `DOUBLE`, `3`, `BLOB`, ``, 
SmartRedis Library@11-01-57:ERROR: Exception at "/project/src/cpp/rediscluster.cpp", line 1050: Redis error when executing command: ERR unknown command `AI.TENSORGET`, with args beginning with: `parameters_out`, `META`, `BLOB`, 
SmartRedis Library@11-02-02:ERROR: Exception at "/home/andres/code/smartsim/C_test/SmartRedis/src/cpp/rediscluster.cpp", line 1050: Redis error when executing command: ERR unknown command `AI.TENSORSET`, with args beginning with: `parameters_out`, `DOUBLE`, `3`, `BLOB`, ``, 
SmartRedis Library@11-04-39:ERROR: Exception at "/home/andres/code/smartsim/C_test/SmartRedis/src/cpp/rediscluster.cpp", line 1050: Redis error when executing command: ERR unknown command `AI.TENSORSET`, with args beginning with: `parameters_out`, `DOUBLE`, `3`, `BLOB`, ``, 
SmartRedis Library@11-06-32:ERROR: Exception at "/home/andres/code/smartsim/C_test/SmartRedis/src/cpp/rediscluster.cpp", line 1050: Redis error when executing command: ERR unknown command `AI.TENSORSET`, with args beginning with: `parameters_out`, `DOUBLE`, `3`, `BLOB`, ``, 
SmartRedis Library@11-07-37:ERROR: Exception at "/home/andres/code/smartsim/C_test/SmartRedis/src/cpp/rediscluster.cpp", line 1050: Redis error when executing command: ERR unknown command `AI.TENSORSET`, with args beginning with: `parameters_out`, `DOUBLE`, `3`, `BLOB`, ``, 
SmartRedis Library@11-14-00:ERROR: Exception at "/home/andres/code/smartsim/C_test/SmartRedis/src/cpp/rediscluster.cpp", line 1050: Redis error when executing command: ERR tensor key is empty or in a different shard
Model: multi shard logger@12-50-07:ERROR: Unable to connect to backend database: ERR This instance has cluster support disabled
Model: multi shard logger@12-50-08:ERROR: Unable to connect to backend database: ERR This instance has cluster support disabled
Model: multi shard logger@12-50-09:ERROR: Unable to connect to backend database: ERR This instance has cluster support disabled
Model: multi shard logger@12-50-10:ERROR: Unable to connect to backend database: ERR This instance has cluster support disabled
Model: multi shard logger@12-50-11:ERROR: Unable to connect to backend database: ERR This instance has cluster support disabled
Model: multi shard logger@12-50-12:ERROR: Unable to connect to backend database: ERR This instance has cluster support disabled
Model: multi shard logger@12-50-13:ERROR: Unable to connect to backend database: ERR This instance has cluster support disabled
Model: multi shard logger@12-50-14:ERROR: Unable to connect to backend database: ERR This instance has cluster support disabled
Model: multi shard logger@12-50-15:ERROR: Unable to connect to backend database: ERR This instance has cluster support disabled
Model: multi shard logger@12-50-16:ERROR: Unable to connect to backend database: ERR This instance has cluster support disabled
Model: multi shard logger@12-50-17:ERROR: Unable to connect to backend database: ERR This instance has cluster support disabled
Model: multi shard logger@12-50-18:ERROR: Unable to connect to backend database: ERR This instance has cluster support disabled
Model: multi shard logger@12-50-19:ERROR: Unable to connect to backend database: ERR This instance has cluster support disabled
Model: multi shard logger@12-50-20:ERROR: Unable to connect to backend database: ERR This instance has cluster support disabled
Model: multi shard logger@12-50-21:ERROR: Unable to connect to backend database: ERR This instance has cluster support disabled
Model: multi shard logger@12-50-22:ERROR: Unable to connect to backend database: ERR This instance has cluster support disabled
Model: multi shard logger@12-50-23:ERROR: Unable to connect to backend database: ERR This instance has cluster support disabled
Model: multi shard logger@12-50-24:ERROR: Unable to connect to backend database: ERR This instance has cluster support disabled
Model: multi shard logger@12-50-25:ERROR: Unable to connect to backend database: ERR This instance has cluster support disabled
Model: multi shard logger@12-50-26:ERROR: Unable to connect to backend database: ERR This instance has cluster support disabled
Model: multi shard logger@12-50-27:ERROR: Unable to connect to backend database: ERR This instance has cluster support disabled
Model: multi shard logger@12-50-28:ERROR: Unable to connect to backend database: ERR This instance has cluster support disabled
Model: multi shard logger@12-50-29:ERROR: Unable to connect to backend database: ERR This instance has cluster support disabled
Model: multi shard logger@12-50-30:ERROR: Unable to connect to backend database: ERR This instance has cluster support disabled
Model: multi shard logger@12-50-31:ERROR: Unable to connect to backend database: ERR This instance has cluster support disabled
Model: multi shard logger@12-50-32:ERROR: Unable to connect to backend database: ERR This instance has cluster support disabled
Model: multi shard logger@12-50-33:ERROR: Unable to connect to backend database: ERR This instance has cluster support disabled
Model: multi shard logger@12-50-34:ERROR: Unable to connect to backend database: ERR This instance has cluster support disabled
Model: multi shard logger@12-50-35:ERROR: Unable to connect to backend database: ERR This instance has cluster support disabled
Model: multi shard logger@12-50-36:ERROR: Unable to connect to backend database: ERR This instance has cluster support disabled
Model: multi shard logger@12-50-37:ERROR: Unable to connect to backend database: ERR This instance has cluster support disabled
Model: multi shard logger@12-50-38:ERROR: Unable to connect to backend database: ERR This instance has cluster support disabled
Model: multi shard logger@12-50-39:ERROR: Unable to connect to backend database: ERR This instance has cluster support disabled
Model: multi shard logger@12-50-40:ERROR: Unable to connect to backend database: ERR This instance has cluster support disabled
Model: multi shard logger@12-50-41:ERROR: Unable to connect to backend database: ERR This instance has cluster support disabled
Model: multi shard logger@12-50-42:ERROR: Unable to connect to backend database: ERR This instance has cluster support disabled
Model: multi shard logger@12-50-43:ERROR: Unable to connect to backend database: ERR This instance has cluster support disabled
Model: multi shard logger@12-50-44:ERROR: Unable to connect to backend database: ERR This instance has cluster support disabled
Model: multi shard logger@12-50-45:ERROR: Unable to connect to backend database: ERR This instance has cluster support disabled
Model: multi shard logger@12-50-46:ERROR: Unable to connect to backend database: ERR This instance has cluster support disabled
Model: multi shard logger@12-50-47:ERROR: Unable to connect to backend database: ERR This instance has cluster support disabled
Model: multi shard logger@12-50-48:ERROR: Unable to connect to backend database: ERR This instance has cluster support disabled
Model: multi shard logger@12-50-49:ERROR: Unable to connect to backend database: ERR This instance has cluster support disabled
Model: multi shard logger@12-50-50:ERROR: Unable to connect to backend database: ERR This instance has cluster support disabled
Model: multi shard logger@12-50-51:ERROR: Unable to connect to backend database: ERR This instance has cluster support disabled
Model: multi shard logger@12-50-52:ERROR: Unable to connect to backend database: ERR This instance has cluster support disabled
Model: multi shard logger@12-50-53:ERROR: Unable to connect to backend database: ERR This instance has cluster support disabled
Model: multi shard logger@12-50-55:ERROR: Unable to connect to backend database: ERR This instance has cluster support disabled
Model: multi shard logger@12-50-56:ERROR: Unable to connect to backend database: ERR This instance has cluster support disabled
Model: multi shard logger@12-50-57:ERROR: Unable to connect to backend database: ERR This instance has cluster support disabled
Model: multi shard logger@12-50-58:ERROR: Unable to connect to backend database: ERR This instance has cluster support disabled
Model: multi shard logger@12-50-59:ERROR: Unable to connect to backend database: ERR This instance has cluster support disabled
Model: multi shard logger@12-51-00:ERROR: Unable to connect to backend database: ERR This instance has cluster support disabled
Model: multi shard logger@12-51-01:ERROR: Unable to connect to backend database: ERR This instance has cluster support disabled
Model: multi shard logger@12-51-02:ERROR: Unable to connect to backend database: ERR This instance has cluster support disabled
Model: multi shard logger@12-51-03:ERROR: Unable to connect to backend database: ERR This instance has cluster support disabled
Model: multi shard logger@12-51-04:ERROR: Unable to connect to backend database: ERR This instance has cluster support disabled
Model: multi shard logger@12-51-05:ERROR: Unable to connect to backend database: ERR This instance has cluster support disabled
Model: multi shard logger@12-51-06:ERROR: Unable to connect to backend database: ERR This instance has cluster support disabled
Model: multi shard logger@12-51-07:ERROR: Unable to connect to backend database: ERR This instance has cluster support disabled
Model: multi shard logger@12-51-08:ERROR: Unable to connect to backend database: ERR This instance has cluster support disabled
Model: multi shard logger@12-51-09:ERROR: Unable to connect to backend database: ERR This instance has cluster support disabled
Model: multi shard logger@12-51-10:ERROR: Unable to connect to backend database: ERR This instance has cluster support disabled
Model: multi shard logger@12-51-11:ERROR: Unable to connect to backend database: ERR This instance has cluster support disabled
Model: multi shard logger@12-51-12:ERROR: Unable to connect to backend database: ERR This instance has cluster support disabled
Model: multi shard logger@12-51-13:ERROR: Unable to connect to backend database: ERR This instance has cluster support disabled
Model: multi shard logger@12-51-14:ERROR: Unable to connect to backend database: ERR This instance has cluster support disabled
Model: multi shard logger@12-51-15:ERROR: Unable to connect to backend database: ERR This instance has cluster support disabled
Model: multi shard logger@12-51-16:ERROR: Unable to connect to backend database: ERR This instance has cluster support disabled
Model: multi shard logger@12-51-17:ERROR: Unable to connect to backend database: ERR This instance has cluster support disabled
Model: multi shard logger@12-51-18:ERROR: Unable to connect to backend database: ERR This instance has cluster support disabled
Model: multi shard logger@12-51-19:ERROR: Unable to connect to backend database: ERR This instance has cluster support disabled
Model: multi shard logger@12-51-20:ERROR: Unable to connect to backend database: ERR This instance has cluster support disabled
Model: multi shard logger@12-51-21:ERROR: Unable to connect to backend database: ERR This instance has cluster support disabled
Model: multi shard logger@12-51-22:ERROR: Unable to connect to backend database: ERR This instance has cluster support disabled
Model: multi shard logger@12-51-23:ERROR: Unable to connect to backend database: ERR This instance has cluster support disabled
Model: multi shard logger@12-51-24:ERROR: Unable to connect to backend database: ERR This instance has cluster support disabled
Model: multi shard logger@12-51-25:ERROR: Unable to connect to backend database: ERR This instance has cluster support disabled
Model: multi shard logger@12-51-26:ERROR: Unable to connect to backend database: ERR This instance has cluster support disabled
Model: multi shard logger@12-51-27:ERROR: Unable to connect to backend database: ERR This instance has cluster support disabled
Model: multi shard logger@12-51-28:ERROR: Unable to connect to backend database: ERR This instance has cluster support disabled
Model: multi shard logger@12-51-29:ERROR: Unable to connect to backend database: ERR This instance has cluster support disabled
Model: multi shard logger@12-51-30:ERROR: Unable to connect to backend database: ERR This instance has cluster support disabled
Model: multi shard logger@12-51-31:ERROR: Unable to connect to backend database: ERR This instance has cluster support disabled
Model: multi shard logger@12-51-32:ERROR: Unable to connect to backend database: ERR This instance has cluster support disabled
Model: multi shard logger@12-51-33:ERROR: Unable to connect to backend database: ERR This instance has cluster support disabled
Model: multi shard logger@12-51-34:ERROR: Unable to connect to backend database: ERR This instance has cluster support disabled
Model: multi shard logger@12-51-35:ERROR: Unable to connect to backend database: ERR This instance has cluster support disabled
Model: multi shard logger@12-51-36:ERROR: Unable to connect to backend database: ERR This instance has cluster support disabled
Model: multi shard logger@12-51-37:ERROR: Unable to connect to backend database: ERR This instance has cluster support disabled
Model: multi shard logger@12-51-38:ERROR: Unable to connect to backend database: ERR This instance has cluster support disabled
Model: multi shard logger@12-51-39:ERROR: Unable to connect to backend database: ERR This instance has cluster support disabled
Model: multi shard logger@12-51-40:ERROR: Unable to connect to backend database: ERR This instance has cluster support disabled
Model: multi shard logger@12-51-41:ERROR: Unable to connect to backend database: ERR This instance has cluster support disabled
Model: multi shard logger@12-51-42:ERROR: Unable to connect to backend database: ERR This instance has cluster support disabled
Model: multi shard logger@12-51-43:ERROR: Unable to connect to backend database: ERR This instance has cluster support disabled
Model: multi shard logger@12-51-44:ERROR: Unable to connect to backend database: ERR This instance has cluster support disabled
Model: multi shard logger@12-51-45:ERROR: Unable to connect to backend database: ERR This instance has cluster support disabled
Model: multi shard logger@12-51-46:ERROR: Unable to connect to backend database: ERR This instance has cluster support disabled
Model: multi shard logger@12-51-47:ERROR: Unable to connect to backend database: ERR This instance has cluster support disabled
SmartRedis Library@12-51-48:ERROR: Exception at "/project/src/cpp/rediscluster.cpp", line 1119: Unable to connect to backend database: ERR This instance has cluster support disabled
Model: multi shard logger@09-16-40:ERROR: Unable to connect to backend database: ERR This instance has cluster support disabled
Model: multi shard logger@09-16-41:ERROR: Unable to connect to backend database: ERR This instance has cluster support disabled
Model: multi shard logger@09-16-42:ERROR: Unable to connect to backend database: ERR This instance has cluster support disabled
Model: multi shard logger@09-16-43:ERROR: Unable to connect to backend database: ERR This instance has cluster support disabled
Model: multi shard logger@09-16-44:ERROR: Unable to connect to backend database: ERR This instance has cluster support disabled
Model: multi shard logger@09-16-45:ERROR: Unable to connect to backend database: ERR This instance has cluster support disabled
Model: multi shard logger@09-16-46:ERROR: Unable to connect to backend database: ERR This instance has cluster support disabled
Model: multi shard logger@09-16-47:ERROR: Unable to connect to backend database: ERR This instance has cluster support disabled
Model: multi shard logger@09-16-48:ERROR: Unable to connect to backend database: ERR This instance has cluster support disabled
Model: multi shard logger@09-16-49:ERROR: Unable to connect to backend database: ERR This instance has cluster support disabled
Model: multi shard logger@09-16-50:ERROR: Unable to connect to backend database: ERR This instance has cluster support disabled
Model: multi shard logger@09-16-51:ERROR: Unable to connect to backend database: ERR This instance has cluster support disabled
Model: multi shard logger@09-16-52:ERROR: Unable to connect to backend database: ERR This instance has cluster support disabled
Model: multi shard logger@09-16-53:ERROR: Unable to connect to backend database: ERR This instance has cluster support disabled
Model: multi shard logger@09-16-54:ERROR: Unable to connect to backend database: ERR This instance has cluster support disabled
Model: multi shard logger@09-16-55:ERROR: Unable to connect to backend database: ERR This instance has cluster support disabled
Model: multi shard logger@12-30-56:ERROR: Unable to connect to backend database: ERR This instance has cluster support disabled
Model: multi shard logger@12-30-57:ERROR: Unable to connect to backend database: ERR This instance has cluster support disabled
Model: multi shard logger@12-30-58:ERROR: Unable to connect to backend database: ERR This instance has cluster support disabled
Model: multi shard logger@12-30-59:ERROR: Unable to connect to backend database: ERR This instance has cluster support disabled
Model: multi shard logger@12-31-00:ERROR: Unable to connect to backend database: ERR This instance has cluster support disabled
Model: multi shard logger@12-31-01:ERROR: Unable to connect to backend database: ERR This instance has cluster support disabled
